<?xml version="1.0" encoding="UTF-8"?>
<coverage generated="1710257258110" clover="3.2.0">
  <project timestamp="1710257258110" name="All files">
    <metrics statements="37" coveredstatements="37" conditionals="6" coveredconditionals="6" methods="18" coveredmethods="18" elements="61" coveredelements="61" complexity="0" loc="37" ncloc="37" packages="1" files="1" classes="1"/>
    <file name="alpha-ls.service.ts" path="C:\gitHub\ngAlpha\a17\projects\alpha-ls\src\lib\alpha-ls.service.ts">
      <metrics statements="37" coveredstatements="37" conditionals="6" coveredconditionals="6" methods="18" coveredmethods="18"/>
      <line num="1" count="1" type="stmt"/>
      <line num="2" count="1" type="stmt"/>
      <line num="3" count="1" type="stmt"/>
      <line num="14" count="2" type="stmt"/>
      <line num="15" count="2" type="stmt"/>
      <line num="16" count="2" type="stmt"/>
      <line num="28" count="2" type="stmt"/>
      <line num="29" count="2" type="stmt"/>
      <line num="30" count="2" type="stmt"/>
      <line num="37" count="1" type="stmt"/>
      <line num="40" count="9" type="stmt"/>
      <line num="45" count="4" type="cond" truecount="2" falsecount="0"/>
      <line num="46" count="4" type="cond" truecount="2" falsecount="0"/>
      <line num="49" count="9" type="stmt"/>
      <line num="50" count="9" type="stmt"/>
      <line num="52" count="1" type="stmt"/>
      <line num="55" count="4" type="stmt"/>
      <line num="58" count="3" type="stmt"/>
      <line num="59" count="3" type="cond" truecount="1" falsecount="0"/>
      <line num="60" count="1" type="stmt"/>
      <line num="62" count="2" type="stmt"/>
      <line num="63" count="2" type="stmt"/>
      <line num="67" count="1" type="stmt"/>
      <line num="69" count="2" type="stmt"/>
      <line num="71" count="1" type="stmt"/>
      <line num="76" count="1" type="stmt"/>
      <line num="78" count="9" type="stmt"/>
      <line num="79" count="9" type="stmt"/>
      <line num="81" count="4" type="stmt"/>
      <line num="88" count="3" type="stmt"/>
      <line num="89" count="3" type="cond" truecount="1" falsecount="0"/>
      <line num="90" count="1" type="stmt"/>
      <line num="92" count="2" type="stmt"/>
      <line num="94" count="2" type="stmt"/>
      <line num="98" count="1" type="stmt"/>
      <line num="100" count="2" type="stmt"/>
      <line num="102" count="1" type="stmt"/>
    </file>
  </project>
</coverage>
