TN:
SF:src\lib\alpha-ls.service.ts
FN:10,(anonymous_0)
FN:25,(anonymous_1)
FN:39,(anonymous_2)
FN:43,(anonymous_3)
FN:51,(anonymous_4)
FN:54,(anonymous_5)
FN:57,(anonymous_6)
FN:66,(anonymous_7)
FN:67,(anonymous_8)
FN:70,(anonymous_9)
FN:71,(anonymous_10)
FN:75,(anonymous_11)
FN:80,(anonymous_12)
FN:83,(anonymous_13)
FN:97,(anonymous_14)
FN:98,(anonymous_15)
FN:101,(anonymous_16)
FN:102,(anonymous_17)
FNF:18
FNH:18
FNDA:2,(anonymous_0)
FNDA:2,(anonymous_1)
FNDA:9,(anonymous_2)
FNDA:4,(anonymous_3)
FNDA:1,(anonymous_4)
FNDA:4,(anonymous_5)
FNDA:3,(anonymous_6)
FNDA:1,(anonymous_7)
FNDA:1,(anonymous_8)
FNDA:1,(anonymous_9)
FNDA:1,(anonymous_10)
FNDA:1,(anonymous_11)
FNDA:4,(anonymous_12)
FNDA:3,(anonymous_13)
FNDA:1,(anonymous_14)
FNDA:1,(anonymous_15)
FNDA:1,(anonymous_16)
FNDA:1,(anonymous_17)
DA:1,1
DA:2,1
DA:3,1
DA:14,2
DA:15,2
DA:16,2
DA:28,2
DA:29,2
DA:30,2
DA:37,1
DA:40,9
DA:45,4
DA:46,4
DA:49,9
DA:50,9
DA:52,1
DA:55,4
DA:58,3
DA:59,3
DA:60,1
DA:62,2
DA:63,2
DA:67,1
DA:69,2
DA:71,1
DA:76,1
DA:78,9
DA:79,9
DA:81,4
DA:88,3
DA:89,3
DA:90,1
DA:92,2
DA:94,2
DA:98,1
DA:100,2
DA:102,1
LF:37
LH:37
BRDA:45,0,0,4
BRDA:45,0,1,2
BRDA:46,1,0,4
BRDA:46,1,1,2
BRDA:59,2,0,1
BRDA:89,3,0,1
BRF:6
BRH:6
end_of_record
