<?xml version="1.0" encoding="UTF-8"?>
<coverage generated="1710151420482" clover="3.2.0">
  <project timestamp="1710151420482" name="All files">
    <metrics statements="28" coveredstatements="28" conditionals="6" coveredconditionals="6" methods="6" coveredmethods="6" elements="40" coveredelements="40" complexity="0" loc="28" ncloc="28" packages="1" files="1" classes="1"/>
    <file name="alpha-lbs.service.ts" path="C:\gitHub\ngAlpha\a17\projects\alpha-lbs\src\lib\alpha-lbs.service.ts">
      <metrics statements="28" coveredstatements="28" conditionals="6" coveredconditionals="6" methods="6" coveredmethods="6"/>
      <line num="1" count="1" type="stmt"/>
      <line num="10" count="13" type="stmt"/>
      <line num="11" count="13" type="stmt"/>
      <line num="17" count="1" type="stmt"/>
      <line num="19" count="6" type="stmt"/>
      <line num="20" count="6" type="stmt"/>
      <line num="33" count="13" type="stmt"/>
      <line num="34" count="13" type="stmt"/>
      <line num="35" count="13" type="stmt"/>
      <line num="40" count="2" type="stmt"/>
      <line num="51" count="4" type="stmt"/>
      <line num="52" count="4" type="stmt"/>
      <line num="54" count="14" type="stmt"/>
      <line num="55" count="14" type="cond" truecount="1" falsecount="0"/>
      <line num="56" count="11" type="stmt"/>
      <line num="57" count="11" type="cond" truecount="1" falsecount="0"/>
      <line num="58" count="9" type="stmt"/>
      <line num="59" count="9" type="cond" truecount="3" falsecount="0"/>
      <line num="62" count="5" type="stmt"/>
      <line num="63" count="5" type="stmt"/>
      <line num="66" count="3" type="stmt"/>
      <line num="69" count="1" type="stmt"/>
      <line num="70" count="1" type="stmt"/>
      <line num="71" count="1" type="stmt"/>
      <line num="75" count="14" type="cond" truecount="1" falsecount="0"/>
      <line num="76" count="11" type="stmt"/>
      <line num="77" count="11" type="stmt"/>
      <line num="80" count="4" type="stmt"/>
    </file>
  </project>
</coverage>
