TN:
SF:src\lib\alpha-lbs.service.ts
FN:7,(anonymous_0)
FN:17,(anonymous_1)
FN:30,(anonymous_2)
FN:39,(anonymous_3)
FN:50,(anonymous_4)
FN:53,(anonymous_5)
FNF:6
FNH:6
FNDA:13,(anonymous_0)
FNDA:6,(anonymous_1)
FNDA:13,(anonymous_2)
FNDA:2,(anonymous_3)
FNDA:4,(anonymous_4)
FNDA:14,(anonymous_5)
DA:1,1
DA:10,13
DA:11,13
DA:17,1
DA:19,6
DA:20,6
DA:33,13
DA:34,13
DA:35,13
DA:40,2
DA:51,4
DA:52,4
DA:54,14
DA:55,14
DA:56,11
DA:57,11
DA:58,9
DA:59,9
DA:62,5
DA:63,5
DA:66,3
DA:69,1
DA:70,1
DA:71,1
DA:75,14
DA:76,11
DA:77,11
DA:80,4
LF:28
LH:28
BRDA:55,0,0,11
BRDA:57,1,0,9
BRDA:59,2,0,5
BRDA:59,2,1,3
BRDA:59,2,2,1
BRDA:75,3,0,11
BRF:6
BRH:6
end_of_record
