<?xml version="1.0" encoding="UTF-8"?>
<coverage generated="1710349217250" clover="3.2.0">
  <project timestamp="1710349217250" name="All files">
    <metrics statements="203" coveredstatements="171" conditionals="37" coveredconditionals="23" methods="66" coveredmethods="52" elements="306" coveredelements="246" complexity="0" loc="203" ncloc="203" packages="1" files="7" classes="7"/>
    <file name="alpha-auth-envelop.ts" path="C:\gitHub\ngAlpha\a17\projects\alpha-oas\src\lib\alpha-auth-envelop.ts">
      <metrics statements="10" coveredstatements="10" conditionals="0" coveredconditionals="0" methods="4" coveredmethods="4"/>
      <line num="1" count="2" type="stmt"/>
      <line num="12" count="2" type="stmt"/>
      <line num="14" count="1" type="stmt"/>
      <line num="15" count="1" type="stmt"/>
      <line num="31" count="1" type="stmt"/>
      <line num="35" count="1" type="stmt"/>
      <line num="55" count="1" type="stmt"/>
      <line num="56" count="1" type="stmt"/>
      <line num="57" count="1" type="stmt"/>
      <line num="58" count="1" type="stmt"/>
    </file>
    <file name="alpha-auth-status-enum.ts" path="C:\gitHub\ngAlpha\a17\projects\alpha-oas\src\lib\alpha-auth-status-enum.ts">
      <metrics statements="6" coveredstatements="6" conditionals="2" coveredconditionals="2" methods="1" coveredmethods="1"/>
      <line num="1" count="2" type="cond" truecount="2" falsecount="0"/>
      <line num="2" count="2" type="stmt"/>
      <line num="3" count="2" type="stmt"/>
      <line num="4" count="2" type="stmt"/>
      <line num="5" count="2" type="stmt"/>
      <line num="6" count="2" type="stmt"/>
    </file>
    <file name="alpha-oas.service.ts" path="C:\gitHub\ngAlpha\a17\projects\alpha-oas\src\lib\alpha-oas.service.ts">
      <metrics statements="113" coveredstatements="81" conditionals="17" coveredconditionals="9" methods="36" coveredmethods="22"/>
      <line num="1" count="1" type="stmt"/>
      <line num="2" count="1" type="stmt"/>
      <line num="3" count="1" type="stmt"/>
      <line num="4" count="1" type="stmt"/>
      <line num="5" count="1" type="stmt"/>
      <line num="6" count="1" type="stmt"/>
      <line num="7" count="1" type="stmt"/>
      <line num="8" count="1" type="stmt"/>
      <line num="9" count="1" type="stmt"/>
      <line num="10" count="1" type="stmt"/>
      <line num="11" count="1" type="stmt"/>
      <line num="16" count="1" type="stmt"/>
      <line num="18" count="6" type="stmt"/>
      <line num="25" count="5" type="stmt"/>
      <line num="29" count="6" type="stmt"/>
      <line num="30" count="6" type="stmt"/>
      <line num="31" count="6" type="stmt"/>
      <line num="32" count="6" type="stmt"/>
      <line num="47" count="5" type="stmt"/>
      <line num="48" count="5" type="stmt"/>
      <line num="49" count="5" type="stmt"/>
      <line num="51" count="5" type="stmt"/>
      <line num="53" count="5" type="stmt"/>
      <line num="54" count="5" type="cond" truecount="2" falsecount="0"/>
      <line num="55" count="2" type="stmt"/>
      <line num="56" count="2" type="stmt"/>
      <line num="57" count="1" type="stmt"/>
      <line num="58" count="1" type="stmt"/>
      <line num="61" count="3" type="stmt"/>
      <line num="62" count="3" type="cond" truecount="2" falsecount="0"/>
      <line num="63" count="2" type="stmt"/>
      <line num="64" count="2" type="stmt"/>
      <line num="65" count="2" type="stmt"/>
      <line num="67" count="1" type="stmt"/>
      <line num="70" count="1" type="stmt"/>
      <line num="71" count="1" type="stmt"/>
      <line num="75" count="1" type="stmt"/>
      <line num="76" count="1" type="stmt"/>
      <line num="87" count="0" type="stmt"/>
      <line num="92" count="2" type="stmt"/>
      <line num="97" count="0" type="stmt"/>
      <line num="100" count="6" type="stmt"/>
      <line num="103" count="0" type="stmt"/>
      <line num="107" count="0" type="stmt"/>
      <line num="110" count="0" type="stmt"/>
      <line num="111" count="0" type="stmt"/>
      <line num="113" count="0" type="stmt"/>
      <line num="127" count="0" type="stmt"/>
      <line num="129" count="0" type="stmt"/>
      <line num="132" count="0" type="stmt"/>
      <line num="133" count="0" type="stmt"/>
      <line num="136" count="0" type="stmt"/>
      <line num="137" count="0" type="cond" truecount="0" falsecount="4"/>
      <line num="138" count="0" type="stmt"/>
      <line num="140" count="0" type="stmt"/>
      <line num="142" count="0" type="stmt"/>
      <line num="146" count="0" type="stmt"/>
      <line num="154" count="6" type="stmt"/>
      <line num="157" count="0" type="stmt"/>
      <line num="160" count="0" type="stmt"/>
      <line num="163" count="0" type="stmt"/>
      <line num="164" count="0" type="stmt"/>
      <line num="165" count="0" type="stmt"/>
      <line num="173" count="2" type="stmt"/>
      <line num="174" count="2" type="cond" truecount="0" falsecount="1"/>
      <line num="175" count="0" type="stmt"/>
      <line num="178" count="2" type="stmt"/>
      <line num="180" count="2" type="stmt"/>
      <line num="183" count="1" type="stmt"/>
      <line num="184" count="1" type="stmt"/>
      <line num="187" count="1" type="stmt"/>
      <line num="188" count="1" type="cond" truecount="1" falsecount="1"/>
      <line num="189" count="0" type="stmt"/>
      <line num="191" count="1" type="stmt"/>
      <line num="193" count="1" type="stmt"/>
      <line num="204" count="2" type="stmt"/>
      <line num="205" count="2" type="stmt"/>
      <line num="209" count="2" type="stmt"/>
      <line num="210" count="1" type="stmt"/>
      <line num="211" count="1" type="stmt"/>
      <line num="214" count="1" type="stmt"/>
      <line num="215" count="1" type="stmt"/>
      <line num="218" count="2" type="stmt"/>
      <line num="225" count="0" type="cond" truecount="0" falsecount="1"/>
      <line num="226" count="0" type="stmt"/>
      <line num="228" count="0" type="stmt"/>
      <line num="229" count="0" type="stmt"/>
      <line num="231" count="0" type="stmt"/>
      <line num="236" count="1" type="stmt"/>
      <line num="237" count="1" type="stmt"/>
      <line num="238" count="1" type="stmt"/>
      <line num="239" count="1" type="stmt"/>
      <line num="240" count="1" type="stmt"/>
      <line num="251" count="2" type="stmt"/>
      <line num="252" count="2" type="cond" truecount="3" falsecount="1"/>
      <line num="253" count="0" type="stmt"/>
      <line num="255" count="0" type="stmt"/>
      <line num="256" count="0" type="stmt"/>
      <line num="258" count="2" type="stmt"/>
      <line num="267" count="2" type="stmt"/>
      <line num="279" count="1" type="stmt"/>
      <line num="282" count="1" type="stmt"/>
      <line num="285" count="1" type="stmt"/>
      <line num="286" count="1" type="stmt"/>
      <line num="288" count="1" type="cond" truecount="1" falsecount="0"/>
      <line num="289" count="1" type="stmt"/>
      <line num="290" count="1" type="stmt"/>
      <line num="291" count="1" type="stmt"/>
      <line num="294" count="1" type="stmt"/>
      <line num="298" count="2" type="stmt"/>
      <line num="299" count="2" type="stmt"/>
      <line num="300" count="2" type="stmt"/>
      <line num="301" count="2" type="stmt"/>
    </file>
    <file name="alpha-principal.ts" path="C:\gitHub\ngAlpha\a17\projects\alpha-oas\src\lib\alpha-principal.ts">
      <metrics statements="24" coveredstatements="24" conditionals="10" coveredconditionals="7" methods="11" coveredmethods="11"/>
      <line num="2" count="2" type="stmt"/>
      <line num="4" count="2" type="stmt"/>
      <line num="7" count="2" type="stmt"/>
      <line num="11" count="5" type="stmt"/>
      <line num="14" count="9" type="stmt"/>
      <line num="19" count="3" type="stmt"/>
      <line num="22" count="4" type="stmt"/>
      <line num="23" count="4" type="stmt"/>
      <line num="28" count="4" type="stmt"/>
      <line num="31" count="2" type="stmt"/>
      <line num="32" count="2" type="stmt"/>
      <line num="36" count="4" type="cond" truecount="1" falsecount="0"/>
      <line num="37" count="2" type="stmt"/>
      <line num="39" count="2" type="stmt"/>
      <line num="40" count="2" type="cond" truecount="1" falsecount="0"/>
      <line num="41" count="1" type="stmt"/>
      <line num="43" count="1" type="stmt"/>
      <line num="44" count="1" type="cond" truecount="1" falsecount="1"/>
      <line num="45" count="1" type="cond" truecount="1" falsecount="1"/>
      <line num="51" count="1" type="stmt"/>
      <line num="55" count="1" type="cond" truecount="1" falsecount="1"/>
      <line num="60" count="2" type="cond" truecount="2" falsecount="0"/>
      <line num="65" count="13" type="stmt"/>
      <line num="66" count="13" type="stmt"/>
    </file>
    <file name="alpha-refresh-data.ts" path="C:\gitHub\ngAlpha\a17\projects\alpha-oas\src\lib\alpha-refresh-data.ts">
      <metrics statements="9" coveredstatements="9" conditionals="1" coveredconditionals="1" methods="4" coveredmethods="4"/>
      <line num="1" count="2" type="stmt"/>
      <line num="3" count="2" type="stmt"/>
      <line num="9" count="11" type="stmt"/>
      <line num="13" count="8" type="stmt"/>
      <line num="15" count="8" type="cond" truecount="1" falsecount="0"/>
      <line num="16" count="2" type="stmt"/>
      <line num="18" count="6" type="stmt"/>
      <line num="22" count="2" type="stmt"/>
      <line num="26" count="4" type="stmt"/>
    </file>
    <file name="alpha-session-data.ts" path="C:\gitHub\ngAlpha\a17\projects\alpha-oas\src\lib\alpha-session-data.ts">
      <metrics statements="31" coveredstatements="31" conditionals="7" coveredconditionals="4" methods="6" coveredmethods="6"/>
      <line num="1" count="2" type="stmt"/>
      <line num="3" count="2" type="stmt"/>
      <line num="4" count="2" type="stmt"/>
      <line num="5" count="2" type="stmt"/>
      <line num="6" count="2" type="stmt"/>
      <line num="16" count="5" type="stmt"/>
      <line num="17" count="5" type="stmt"/>
      <line num="25" count="12" type="stmt"/>
      <line num="26" count="12" type="stmt"/>
      <line num="27" count="12" type="stmt"/>
      <line num="28" count="12" type="stmt"/>
      <line num="36" count="2" type="stmt"/>
      <line num="37" count="2" type="stmt"/>
      <line num="38" count="2" type="stmt"/>
      <line num="45" count="10" type="stmt"/>
      <line num="47" count="10" type="cond" truecount="1" falsecount="0"/>
      <line num="49" count="6" type="stmt"/>
      <line num="51" count="6" type="cond" truecount="1" falsecount="1"/>
      <line num="54" count="6" type="cond" truecount="1" falsecount="1"/>
      <line num="56" count="6" type="stmt"/>
      <line num="58" count="6" type="cond" truecount="1" falsecount="1"/>
      <line num="60" count="6" type="stmt"/>
      <line num="62" count="6" type="stmt"/>
      <line num="66" count="2" type="stmt"/>
      <line num="67" count="2" type="stmt"/>
      <line num="68" count="2" type="stmt"/>
      <line num="69" count="2" type="stmt"/>
      <line num="73" count="4" type="stmt"/>
      <line num="75" count="4" type="stmt"/>
      <line num="77" count="4" type="stmt"/>
      <line num="79" count="4" type="stmt"/>
    </file>
    <file name="alpha-user.ts" path="C:\gitHub\ngAlpha\a17\projects\alpha-oas\src\lib\alpha-user.ts">
      <metrics statements="10" coveredstatements="10" conditionals="0" coveredconditionals="0" methods="4" coveredmethods="4"/>
      <line num="10" count="3" type="stmt"/>
      <line num="12" count="4" type="stmt"/>
      <line num="13" count="4" type="stmt"/>
      <line num="29" count="4" type="stmt"/>
      <line num="34" count="4" type="stmt"/>
      <line num="35" count="3" type="stmt"/>
      <line num="53" count="3" type="stmt"/>
      <line num="54" count="3" type="stmt"/>
      <line num="55" count="3" type="stmt"/>
      <line num="56" count="3" type="stmt"/>
    </file>
  </project>
</coverage>
