<?xml version="1.0" encoding="UTF-8"?>
<coverage generated="1710607338734" clover="3.2.0">
  <project timestamp="1710607338734" name="All files">
    <metrics statements="216" coveredstatements="216" conditionals="41" coveredconditionals="35" methods="78" coveredmethods="78" elements="335" coveredelements="329" complexity="0" loc="216" ncloc="216" packages="1" files="7" classes="7"/>
    <file name="alpha-auth-envelop.ts" path="C:\gitHub\ngAlpha\a17\projects\alpha-oas\src\lib\alpha-auth-envelop.ts">
      <metrics statements="10" coveredstatements="10" conditionals="0" coveredconditionals="0" methods="4" coveredmethods="4"/>
      <line num="1" count="2" type="stmt"/>
      <line num="12" count="2" type="stmt"/>
      <line num="14" count="4" type="stmt"/>
      <line num="15" count="4" type="stmt"/>
      <line num="31" count="4" type="stmt"/>
      <line num="35" count="4" type="stmt"/>
      <line num="55" count="4" type="stmt"/>
      <line num="56" count="4" type="stmt"/>
      <line num="57" count="4" type="stmt"/>
      <line num="58" count="4" type="stmt"/>
    </file>
    <file name="alpha-auth-status-enum.ts" path="C:\gitHub\ngAlpha\a17\projects\alpha-oas\src\lib\alpha-auth-status-enum.ts">
      <metrics statements="6" coveredstatements="6" conditionals="2" coveredconditionals="2" methods="1" coveredmethods="1"/>
      <line num="1" count="2" type="cond" truecount="2" falsecount="0"/>
      <line num="2" count="2" type="stmt"/>
      <line num="3" count="2" type="stmt"/>
      <line num="4" count="2" type="stmt"/>
      <line num="5" count="2" type="stmt"/>
      <line num="6" count="2" type="stmt"/>
    </file>
    <file name="alpha-oas.service.ts" path="C:\gitHub\ngAlpha\a17\projects\alpha-oas\src\lib\alpha-oas.service.ts">
      <metrics statements="126" coveredstatements="126" conditionals="21" coveredconditionals="21" methods="48" coveredmethods="48"/>
      <line num="1" count="1" type="stmt"/>
      <line num="2" count="1" type="stmt"/>
      <line num="3" count="1" type="stmt"/>
      <line num="4" count="1" type="stmt"/>
      <line num="5" count="1" type="stmt"/>
      <line num="6" count="1" type="stmt"/>
      <line num="7" count="1" type="stmt"/>
      <line num="8" count="1" type="stmt"/>
      <line num="9" count="1" type="stmt"/>
      <line num="14" count="1" type="stmt"/>
      <line num="16" count="18" type="stmt"/>
      <line num="22" count="18" type="stmt"/>
      <line num="26" count="18" type="stmt"/>
      <line num="32" count="6" type="stmt"/>
      <line num="36" count="18" type="stmt"/>
      <line num="37" count="18" type="stmt"/>
      <line num="58" count="12" type="stmt"/>
      <line num="59" count="12" type="stmt"/>
      <line num="60" count="12" type="stmt"/>
      <line num="62" count="12" type="cond" truecount="2" falsecount="0"/>
      <line num="64" count="12" type="cond" truecount="2" falsecount="0"/>
      <line num="67" count="12" type="stmt"/>
      <line num="68" count="12" type="cond" truecount="1" falsecount="0"/>
      <line num="69" count="3" type="stmt"/>
      <line num="73" count="9" type="stmt"/>
      <line num="74" count="9" type="cond" truecount="1" falsecount="0"/>
      <line num="75" count="3" type="stmt"/>
      <line num="79" count="6" type="stmt"/>
      <line num="83" count="3" type="stmt"/>
      <line num="84" count="3" type="stmt"/>
      <line num="86" count="3" type="stmt"/>
      <line num="87" count="2" type="stmt"/>
      <line num="88" count="1" type="stmt"/>
      <line num="94" count="3" type="stmt"/>
      <line num="96" count="3" type="stmt"/>
      <line num="97" count="3" type="stmt"/>
      <line num="98" count="3" type="stmt"/>
      <line num="100" count="2" type="cond" truecount="2" falsecount="0"/>
      <line num="101" count="1" type="stmt"/>
      <line num="103" count="1" type="stmt"/>
      <line num="104" count="1" type="stmt"/>
      <line num="108" count="1" type="stmt"/>
      <line num="109" count="1" type="stmt"/>
      <line num="116" count="6" type="stmt"/>
      <line num="118" count="1" type="stmt"/>
      <line num="119" count="1" type="stmt"/>
      <line num="128" count="1" type="stmt"/>
      <line num="133" count="4" type="stmt"/>
      <line num="138" count="1" type="stmt"/>
      <line num="141" count="18" type="stmt"/>
      <line num="148" count="5" type="stmt"/>
      <line num="152" count="5" type="stmt"/>
      <line num="155" count="5" type="stmt"/>
      <line num="156" count="5" type="stmt"/>
      <line num="160" count="2" type="stmt"/>
      <line num="162" count="3" type="stmt"/>
      <line num="164" count="3" type="stmt"/>
      <line num="181" count="6" type="stmt"/>
      <line num="183" count="6" type="stmt"/>
      <line num="186" count="3" type="stmt"/>
      <line num="187" count="3" type="stmt"/>
      <line num="190" count="3" type="stmt"/>
      <line num="191" count="3" type="cond" truecount="4" falsecount="0"/>
      <line num="192" count="2" type="stmt"/>
      <line num="194" count="1" type="stmt"/>
      <line num="196" count="1" type="stmt"/>
      <line num="200" count="6" type="stmt"/>
      <line num="208" count="18" type="stmt"/>
      <line num="211" count="2" type="stmt"/>
      <line num="214" count="2" type="stmt"/>
      <line num="217" count="2" type="stmt"/>
      <line num="218" count="2" type="stmt"/>
      <line num="221" count="1" type="stmt"/>
      <line num="229" count="6" type="stmt"/>
      <line num="230" count="6" type="cond" truecount="1" falsecount="0"/>
      <line num="231" count="1" type="stmt"/>
      <line num="233" count="1" type="stmt"/>
      <line num="234" count="1" type="stmt"/>
      <line num="237" count="5" type="stmt"/>
      <line num="239" count="5" type="stmt"/>
      <line num="242" count="3" type="stmt"/>
      <line num="243" count="3" type="stmt"/>
      <line num="246" count="2" type="stmt"/>
      <line num="247" count="2" type="cond" truecount="2" falsecount="0"/>
      <line num="248" count="1" type="stmt"/>
      <line num="250" count="1" type="stmt"/>
      <line num="252" count="1" type="stmt"/>
      <line num="263" count="3" type="stmt"/>
      <line num="264" count="3" type="stmt"/>
      <line num="268" count="3" type="stmt"/>
      <line num="269" count="2" type="stmt"/>
      <line num="270" count="2" type="stmt"/>
      <line num="273" count="1" type="stmt"/>
      <line num="275" count="1" type="stmt"/>
      <line num="278" count="3" type="stmt"/>
      <line num="285" count="2" type="cond" truecount="1" falsecount="0"/>
      <line num="286" count="1" type="stmt"/>
      <line num="288" count="1" type="stmt"/>
      <line num="289" count="1" type="stmt"/>
      <line num="291" count="1" type="stmt"/>
      <line num="296" count="5" type="stmt"/>
      <line num="297" count="5" type="stmt"/>
      <line num="298" count="5" type="stmt"/>
      <line num="299" count="5" type="stmt"/>
      <line num="300" count="5" type="stmt"/>
      <line num="311" count="5" type="stmt"/>
      <line num="312" count="5" type="cond" truecount="4" falsecount="0"/>
      <line num="313" count="3" type="stmt"/>
      <line num="315" count="2" type="stmt"/>
      <line num="317" count="1" type="stmt"/>
      <line num="319" count="1" type="stmt"/>
      <line num="323" count="2" type="stmt"/>
      <line num="332" count="6" type="stmt"/>
      <line num="344" count="6" type="stmt"/>
      <line num="347" count="6" type="stmt"/>
      <line num="350" count="6" type="stmt"/>
      <line num="351" count="6" type="stmt"/>
      <line num="353" count="6" type="cond" truecount="1" falsecount="0"/>
      <line num="354" count="6" type="stmt"/>
      <line num="356" count="6" type="stmt"/>
      <line num="357" count="6" type="stmt"/>
      <line num="360" count="6" type="stmt"/>
      <line num="364" count="8" type="stmt"/>
      <line num="365" count="8" type="stmt"/>
      <line num="366" count="8" type="stmt"/>
      <line num="367" count="8" type="stmt"/>
    </file>
    <file name="alpha-principal.ts" path="C:\gitHub\ngAlpha\a17\projects\alpha-oas\src\lib\alpha-principal.ts">
      <metrics statements="24" coveredstatements="24" conditionals="10" coveredconditionals="7" methods="11" coveredmethods="11"/>
      <line num="2" count="2" type="stmt"/>
      <line num="4" count="2" type="stmt"/>
      <line num="7" count="2" type="stmt"/>
      <line num="11" count="5" type="stmt"/>
      <line num="14" count="21" type="stmt"/>
      <line num="19" count="8" type="stmt"/>
      <line num="22" count="10" type="stmt"/>
      <line num="23" count="10" type="stmt"/>
      <line num="28" count="10" type="stmt"/>
      <line num="31" count="6" type="stmt"/>
      <line num="32" count="6" type="stmt"/>
      <line num="36" count="4" type="cond" truecount="1" falsecount="0"/>
      <line num="37" count="2" type="stmt"/>
      <line num="39" count="2" type="stmt"/>
      <line num="40" count="2" type="cond" truecount="1" falsecount="0"/>
      <line num="41" count="1" type="stmt"/>
      <line num="43" count="1" type="stmt"/>
      <line num="44" count="1" type="cond" truecount="1" falsecount="1"/>
      <line num="45" count="1" type="cond" truecount="1" falsecount="1"/>
      <line num="51" count="1" type="stmt"/>
      <line num="55" count="1" type="cond" truecount="1" falsecount="1"/>
      <line num="60" count="2" type="cond" truecount="2" falsecount="0"/>
      <line num="65" count="25" type="stmt"/>
      <line num="66" count="25" type="stmt"/>
    </file>
    <file name="alpha-refresh-data.ts" path="C:\gitHub\ngAlpha\a17\projects\alpha-oas\src\lib\alpha-refresh-data.ts">
      <metrics statements="9" coveredstatements="9" conditionals="1" coveredconditionals="1" methods="4" coveredmethods="4"/>
      <line num="1" count="2" type="stmt"/>
      <line num="3" count="2" type="stmt"/>
      <line num="9" count="23" type="stmt"/>
      <line num="13" count="18" type="stmt"/>
      <line num="15" count="18" type="cond" truecount="1" falsecount="0"/>
      <line num="16" count="8" type="stmt"/>
      <line num="18" count="10" type="stmt"/>
      <line num="22" count="6" type="stmt"/>
      <line num="26" count="12" type="stmt"/>
    </file>
    <file name="alpha-session-data.ts" path="C:\gitHub\ngAlpha\a17\projects\alpha-oas\src\lib\alpha-session-data.ts">
      <metrics statements="31" coveredstatements="31" conditionals="7" coveredconditionals="4" methods="6" coveredmethods="6"/>
      <line num="1" count="2" type="stmt"/>
      <line num="3" count="2" type="stmt"/>
      <line num="4" count="2" type="stmt"/>
      <line num="5" count="2" type="stmt"/>
      <line num="6" count="2" type="stmt"/>
      <line num="16" count="7" type="stmt"/>
      <line num="17" count="7" type="stmt"/>
      <line num="25" count="20" type="stmt"/>
      <line num="26" count="20" type="stmt"/>
      <line num="27" count="20" type="stmt"/>
      <line num="28" count="20" type="stmt"/>
      <line num="36" count="7" type="stmt"/>
      <line num="37" count="7" type="stmt"/>
      <line num="38" count="7" type="stmt"/>
      <line num="45" count="20" type="stmt"/>
      <line num="47" count="20" type="cond" truecount="1" falsecount="0"/>
      <line num="49" count="8" type="stmt"/>
      <line num="51" count="8" type="cond" truecount="1" falsecount="1"/>
      <line num="54" count="8" type="cond" truecount="1" falsecount="1"/>
      <line num="56" count="8" type="stmt"/>
      <line num="58" count="8" type="cond" truecount="1" falsecount="1"/>
      <line num="60" count="8" type="stmt"/>
      <line num="62" count="8" type="stmt"/>
      <line num="66" count="6" type="stmt"/>
      <line num="67" count="6" type="stmt"/>
      <line num="68" count="6" type="stmt"/>
      <line num="69" count="6" type="stmt"/>
      <line num="73" count="10" type="stmt"/>
      <line num="75" count="10" type="stmt"/>
      <line num="77" count="10" type="stmt"/>
      <line num="79" count="10" type="stmt"/>
    </file>
    <file name="alpha-user.ts" path="C:\gitHub\ngAlpha\a17\projects\alpha-oas\src\lib\alpha-user.ts">
      <metrics statements="10" coveredstatements="10" conditionals="0" coveredconditionals="0" methods="4" coveredmethods="4"/>
      <line num="10" count="3" type="stmt"/>
      <line num="12" count="8" type="stmt"/>
      <line num="13" count="8" type="stmt"/>
      <line num="29" count="8" type="stmt"/>
      <line num="34" count="8" type="stmt"/>
      <line num="35" count="7" type="stmt"/>
      <line num="53" count="7" type="stmt"/>
      <line num="54" count="7" type="stmt"/>
      <line num="55" count="7" type="stmt"/>
      <line num="56" count="7" type="stmt"/>
    </file>
  </project>
</coverage>
