TN:
SF:src\lib\alpha-auth-envelop.ts
FN:13,(anonymous_0)
FN:30,(anonymous_1)
FN:34,(anonymous_2)
FN:53,(anonymous_3)
FNF:4
FNH:4
FNDA:1,(anonymous_0)
FNDA:1,(anonymous_1)
FNDA:1,(anonymous_2)
FNDA:1,(anonymous_3)
DA:1,2
DA:12,2
DA:14,1
DA:15,1
DA:31,1
DA:35,1
DA:55,1
DA:56,1
DA:57,1
DA:58,1
LF:10
LH:10
BRF:0
BRH:0
end_of_record
TN:
SF:src\lib\alpha-auth-status-enum.ts
FN:1,(anonymous_0)
FNF:1
FNH:1
FNDA:2,(anonymous_0)
DA:1,2
DA:2,2
DA:3,2
DA:4,2
DA:5,2
DA:6,2
LF:6
LH:6
BRDA:1,0,0,2
BRDA:1,0,1,2
BRF:2
BRH:2
end_of_record
TN:
SF:src\lib\alpha-oas.service.ts
FN:24,(anonymous_0)
FN:28,(anonymous_1)
FN:101,(anonymous_2)
FN:113,(anonymous_3)
FN:155,(anonymous_4)
FN:165,(anonymous_5)
FN:43,(anonymous_6)
FN:52,(anonymous_7)
FN:57,(anonymous_8)
FN:58,(anonymous_9)
FN:66,(anonymous_10)
FN:69,(anonymous_11)
FN:82,(anonymous_12)
FN:90,(anonymous_13)
FN:96,(anonymous_14)
FN:122,(anonymous_15)
FN:128,(anonymous_16)
FN:131,(anonymous_17)
FN:135,(anonymous_18)
FN:172,(anonymous_19)
FN:179,(anonymous_20)
FN:182,(anonymous_21)
FN:186,(anonymous_22)
FN:203,(anonymous_23)
FN:208,(anonymous_24)
FN:213,(anonymous_25)
FN:215,(anonymous_26)
FN:221,(anonymous_27)
FN:235,(anonymous_28)
FN:250,(anonymous_29)
FN:255,(anonymous_30)
FN:256,(anonymous_31)
FN:256,(anonymous_32)
FN:266,(anonymous_33)
FN:275,(anonymous_34)
FN:297,(anonymous_35)
FNF:36
FNH:22
FNDA:5,(anonymous_0)
FNDA:6,(anonymous_1)
FNDA:0,(anonymous_2)
FNDA:0,(anonymous_3)
FNDA:0,(anonymous_4)
FNDA:0,(anonymous_5)
FNDA:5,(anonymous_6)
FNDA:5,(anonymous_7)
FNDA:1,(anonymous_8)
FNDA:1,(anonymous_9)
FNDA:1,(anonymous_10)
FNDA:1,(anonymous_11)
FNDA:0,(anonymous_12)
FNDA:2,(anonymous_13)
FNDA:0,(anonymous_14)
FNDA:0,(anonymous_15)
FNDA:0,(anonymous_16)
FNDA:0,(anonymous_17)
FNDA:0,(anonymous_18)
FNDA:2,(anonymous_19)
FNDA:2,(anonymous_20)
FNDA:1,(anonymous_21)
FNDA:1,(anonymous_22)
FNDA:2,(anonymous_23)
FNDA:2,(anonymous_24)
FNDA:1,(anonymous_25)
FNDA:1,(anonymous_26)
FNDA:0,(anonymous_27)
FNDA:1,(anonymous_28)
FNDA:2,(anonymous_29)
FNDA:0,(anonymous_30)
FNDA:0,(anonymous_31)
FNDA:0,(anonymous_32)
FNDA:2,(anonymous_33)
FNDA:1,(anonymous_34)
FNDA:2,(anonymous_35)
DA:1,1
DA:2,1
DA:3,1
DA:4,1
DA:5,1
DA:6,1
DA:7,1
DA:8,1
DA:9,1
DA:10,1
DA:11,1
DA:16,1
DA:18,6
DA:25,5
DA:29,6
DA:30,6
DA:31,6
DA:32,6
DA:47,5
DA:48,5
DA:49,5
DA:51,5
DA:53,5
DA:54,5
DA:55,2
DA:56,2
DA:57,1
DA:58,1
DA:61,3
DA:62,3
DA:63,2
DA:64,2
DA:65,2
DA:67,1
DA:70,1
DA:71,1
DA:75,1
DA:76,1
DA:87,0
DA:92,2
DA:97,0
DA:100,6
DA:103,0
DA:107,0
DA:110,0
DA:111,0
DA:113,0
DA:127,0
DA:129,0
DA:132,0
DA:133,0
DA:136,0
DA:137,0
DA:138,0
DA:140,0
DA:142,0
DA:146,0
DA:154,6
DA:157,0
DA:160,0
DA:163,0
DA:164,0
DA:165,0
DA:173,2
DA:174,2
DA:175,0
DA:178,2
DA:180,2
DA:183,1
DA:184,1
DA:187,1
DA:188,1
DA:189,0
DA:191,1
DA:193,1
DA:204,2
DA:205,2
DA:209,2
DA:210,1
DA:211,1
DA:214,1
DA:215,1
DA:218,2
DA:225,0
DA:226,0
DA:228,0
DA:229,0
DA:231,0
DA:236,1
DA:237,1
DA:238,1
DA:239,1
DA:240,1
DA:251,2
DA:252,2
DA:253,0
DA:255,0
DA:256,0
DA:258,2
DA:267,2
DA:279,1
DA:282,1
DA:285,1
DA:286,1
DA:288,1
DA:289,1
DA:290,1
DA:291,1
DA:294,1
DA:298,2
DA:299,2
DA:300,2
DA:301,2
LF:113
LH:81
BRDA:54,0,0,2
BRDA:54,0,1,3
BRDA:62,1,0,2
BRDA:62,1,1,1
BRDA:137,2,0,0
BRDA:137,2,1,0
BRDA:137,3,0,0
BRDA:137,3,1,0
BRDA:174,4,0,0
BRDA:188,5,0,0
BRDA:188,5,1,1
BRDA:225,6,0,0
BRDA:252,7,0,0
BRDA:252,7,1,2
BRDA:252,8,0,2
BRDA:252,8,1,2
BRDA:288,9,0,1
BRF:17
BRH:9
end_of_record
TN:
SF:src\lib\alpha-principal.ts
FN:10,(anonymous_0)
FN:13,(anonymous_1)
FN:18,(anonymous_2)
FN:21,(anonymous_3)
FN:25,(anonymous_4)
FN:30,(anonymous_5)
FN:35,(anonymous_6)
FN:50,(anonymous_7)
FN:54,(anonymous_8)
FN:59,(anonymous_9)
FN:64,(anonymous_10)
FNF:11
FNH:11
FNDA:5,(anonymous_0)
FNDA:9,(anonymous_1)
FNDA:3,(anonymous_2)
FNDA:4,(anonymous_3)
FNDA:4,(anonymous_4)
FNDA:2,(anonymous_5)
FNDA:4,(anonymous_6)
FNDA:1,(anonymous_7)
FNDA:1,(anonymous_8)
FNDA:2,(anonymous_9)
FNDA:13,(anonymous_10)
DA:2,2
DA:4,2
DA:7,2
DA:11,5
DA:14,9
DA:19,3
DA:22,4
DA:23,4
DA:28,4
DA:31,2
DA:32,2
DA:36,4
DA:37,2
DA:39,2
DA:40,2
DA:41,1
DA:43,1
DA:44,1
DA:45,1
DA:51,1
DA:55,1
DA:60,2
DA:65,13
DA:66,13
LF:24
LH:24
BRDA:36,0,0,2
BRDA:40,1,0,1
BRDA:44,2,0,1
BRDA:44,2,1,0
BRDA:45,3,0,1
BRDA:45,3,1,0
BRDA:55,4,0,1
BRDA:55,4,1,0
BRDA:60,5,0,2
BRDA:60,5,1,1
BRF:10
BRH:7
end_of_record
TN:
SF:src\lib\alpha-refresh-data.ts
FN:7,(anonymous_0)
FN:12,(anonymous_1)
FN:21,(anonymous_2)
FN:25,(anonymous_3)
FNF:4
FNH:4
FNDA:11,(anonymous_0)
FNDA:8,(anonymous_1)
FNDA:2,(anonymous_2)
FNDA:4,(anonymous_3)
DA:1,2
DA:3,2
DA:9,11
DA:13,8
DA:15,8
DA:16,2
DA:18,6
DA:22,2
DA:26,4
LF:9
LH:9
BRDA:15,0,0,2
BRF:1
BRH:1
end_of_record
TN:
SF:src\lib\alpha-session-data.ts
FN:15,(anonymous_0)
FN:20,(anonymous_1)
FN:32,(anonymous_2)
FN:44,(anonymous_3)
FN:65,(anonymous_4)
FN:72,(anonymous_5)
FNF:6
FNH:6
FNDA:5,(anonymous_0)
FNDA:12,(anonymous_1)
FNDA:2,(anonymous_2)
FNDA:10,(anonymous_3)
FNDA:2,(anonymous_4)
FNDA:4,(anonymous_5)
DA:1,2
DA:3,2
DA:4,2
DA:5,2
DA:6,2
DA:16,5
DA:17,5
DA:25,12
DA:26,12
DA:27,12
DA:28,12
DA:36,2
DA:37,2
DA:38,2
DA:45,10
DA:47,10
DA:49,6
DA:51,6
DA:54,6
DA:56,6
DA:58,6
DA:60,6
DA:62,6
DA:66,2
DA:67,2
DA:68,2
DA:69,2
DA:73,4
DA:75,4
DA:77,4
DA:79,4
LF:31
LH:31
BRDA:47,0,0,4
BRDA:51,1,0,6
BRDA:51,1,1,0
BRDA:54,2,0,6
BRDA:54,2,1,0
BRDA:58,3,0,6
BRDA:58,3,1,0
BRF:7
BRH:4
end_of_record
TN:
SF:src\lib\alpha-user.ts
FN:11,(anonymous_0)
FN:28,(anonymous_1)
FN:32,(anonymous_2)
FN:51,(anonymous_3)
FNF:4
FNH:4
FNDA:4,(anonymous_0)
FNDA:4,(anonymous_1)
FNDA:4,(anonymous_2)
FNDA:3,(anonymous_3)
DA:10,3
DA:12,4
DA:13,4
DA:29,4
DA:34,4
DA:35,3
DA:53,3
DA:54,3
DA:55,3
DA:56,3
LF:10
LH:10
BRF:0
BRH:0
end_of_record
