TN:
SF:src\lib\alpha-auth-envelop.ts
FN:13,(anonymous_0)
FN:30,(anonymous_1)
FN:34,(anonymous_2)
FN:53,(anonymous_3)
FNF:4
FNH:4
FNDA:4,(anonymous_0)
FNDA:4,(anonymous_1)
FNDA:4,(anonymous_2)
FNDA:4,(anonymous_3)
DA:1,2
DA:12,2
DA:14,4
DA:15,4
DA:31,4
DA:35,4
DA:55,4
DA:56,4
DA:57,4
DA:58,4
LF:10
LH:10
BRF:0
BRH:0
end_of_record
TN:
SF:src\lib\alpha-auth-status-enum.ts
FN:1,(anonymous_0)
FNF:1
FNH:1
FNDA:2,(anonymous_0)
DA:1,2
DA:2,2
DA:3,2
DA:4,2
DA:5,2
DA:6,2
LF:6
LH:6
BRDA:1,0,0,2
BRDA:1,0,1,2
BRF:2
BRH:2
end_of_record
TN:
SF:src\lib\alpha-oas.service.ts
FN:31,(anonymous_0)
FN:35,(anonymous_1)
FN:24,(anonymous_2)
FN:28,(anonymous_3)
FN:146,(anonymous_4)
FN:159,(anonymous_5)
FN:161,(anonymous_6)
FN:164,(anonymous_7)
FN:209,(anonymous_8)
FN:220,(anonymous_9)
FN:50,(anonymous_10)
FN:62,(anonymous_11)
FN:64,(anonymous_12)
FN:82,(anonymous_13)
FN:85,(anonymous_14)
FN:87,(anonymous_15)
FN:88,(anonymous_16)
FN:93,(anonymous_17)
FN:95,(anonymous_18)
FN:99,(anonymous_19)
FN:107,(anonymous_20)
FN:115,(anonymous_21)
FN:117,(anonymous_22)
FN:123,(anonymous_23)
FN:131,(anonymous_24)
FN:137,(anonymous_25)
FN:176,(anonymous_26)
FN:182,(anonymous_27)
FN:185,(anonymous_28)
FN:189,(anonymous_29)
FN:228,(anonymous_30)
FN:234,(anonymous_31)
FN:238,(anonymous_32)
FN:241,(anonymous_33)
FN:245,(anonymous_34)
FN:262,(anonymous_35)
FN:267,(anonymous_36)
FN:272,(anonymous_37)
FN:275,(anonymous_38)
FN:281,(anonymous_39)
FN:295,(anonymous_40)
FN:310,(anonymous_41)
FN:315,(anonymous_42)
FN:316,(anonymous_43)
FN:319,(anonymous_44)
FN:331,(anonymous_45)
FN:340,(anonymous_46)
FN:363,(anonymous_47)
FNF:48
FNH:48
FNDA:6,(anonymous_0)
FNDA:18,(anonymous_1)
FNDA:2,(anonymous_2)
FNDA:2,(anonymous_3)
FNDA:5,(anonymous_4)
FNDA:2,(anonymous_5)
FNDA:3,(anonymous_6)
FNDA:3,(anonymous_7)
FNDA:2,(anonymous_8)
FNDA:1,(anonymous_9)
FNDA:12,(anonymous_10)
FNDA:5,(anonymous_11)
FNDA:6,(anonymous_12)
FNDA:3,(anonymous_13)
FNDA:3,(anonymous_14)
FNDA:2,(anonymous_15)
FNDA:1,(anonymous_16)
FNDA:3,(anonymous_17)
FNDA:3,(anonymous_18)
FNDA:2,(anonymous_19)
FNDA:1,(anonymous_20)
FNDA:6,(anonymous_21)
FNDA:1,(anonymous_22)
FNDA:1,(anonymous_23)
FNDA:4,(anonymous_24)
FNDA:1,(anonymous_25)
FNDA:6,(anonymous_26)
FNDA:6,(anonymous_27)
FNDA:3,(anonymous_28)
FNDA:3,(anonymous_29)
FNDA:6,(anonymous_30)
FNDA:1,(anonymous_31)
FNDA:5,(anonymous_32)
FNDA:3,(anonymous_33)
FNDA:2,(anonymous_34)
FNDA:3,(anonymous_35)
FNDA:3,(anonymous_36)
FNDA:1,(anonymous_37)
FNDA:1,(anonymous_38)
FNDA:2,(anonymous_39)
FNDA:5,(anonymous_40)
FNDA:5,(anonymous_41)
FNDA:2,(anonymous_42)
FNDA:1,(anonymous_43)
FNDA:1,(anonymous_44)
FNDA:6,(anonymous_45)
FNDA:6,(anonymous_46)
FNDA:8,(anonymous_47)
DA:1,1
DA:2,1
DA:3,1
DA:4,1
DA:5,1
DA:6,1
DA:7,1
DA:8,1
DA:9,1
DA:14,1
DA:16,18
DA:22,18
DA:26,18
DA:32,6
DA:36,18
DA:37,18
DA:58,12
DA:59,12
DA:60,12
DA:62,12
DA:64,12
DA:67,12
DA:68,12
DA:69,3
DA:73,9
DA:74,9
DA:75,3
DA:79,6
DA:83,3
DA:84,3
DA:86,3
DA:87,2
DA:88,1
DA:94,3
DA:96,3
DA:97,3
DA:98,3
DA:100,2
DA:101,1
DA:103,1
DA:104,1
DA:108,1
DA:109,1
DA:116,6
DA:118,1
DA:119,1
DA:128,1
DA:133,4
DA:138,1
DA:141,18
DA:148,5
DA:152,5
DA:155,5
DA:156,5
DA:160,2
DA:162,3
DA:164,3
DA:181,6
DA:183,6
DA:186,3
DA:187,3
DA:190,3
DA:191,3
DA:192,2
DA:194,1
DA:196,1
DA:200,6
DA:208,18
DA:211,2
DA:214,2
DA:217,2
DA:218,2
DA:221,1
DA:229,6
DA:230,6
DA:231,1
DA:233,1
DA:234,1
DA:237,5
DA:239,5
DA:242,3
DA:243,3
DA:246,2
DA:247,2
DA:248,1
DA:250,1
DA:252,1
DA:263,3
DA:264,3
DA:268,3
DA:269,2
DA:270,2
DA:273,1
DA:275,1
DA:278,3
DA:285,2
DA:286,1
DA:288,1
DA:289,1
DA:291,1
DA:296,5
DA:297,5
DA:298,5
DA:299,5
DA:300,5
DA:311,5
DA:312,5
DA:313,3
DA:315,2
DA:317,1
DA:319,1
DA:323,2
DA:332,6
DA:344,6
DA:347,6
DA:350,6
DA:351,6
DA:353,6
DA:354,6
DA:356,6
DA:357,6
DA:360,6
DA:364,8
DA:365,8
DA:366,8
DA:367,8
LF:126
LH:126
BRDA:62,0,0,12
BRDA:62,0,1,7
BRDA:64,1,0,12
BRDA:64,1,1,7
BRDA:68,2,0,3
BRDA:74,3,0,3
BRDA:100,4,0,1
BRDA:100,4,1,1
BRDA:191,5,0,2
BRDA:191,5,1,1
BRDA:191,6,0,3
BRDA:191,6,1,2
BRDA:230,7,0,1
BRDA:247,8,0,1
BRDA:247,8,1,1
BRDA:285,9,0,1
BRDA:312,10,0,3
BRDA:312,10,1,2
BRDA:312,11,0,5
BRDA:312,11,1,3
BRDA:353,12,0,6
BRF:21
BRH:21
end_of_record
TN:
SF:src\lib\alpha-principal.ts
FN:10,(anonymous_0)
FN:13,(anonymous_1)
FN:18,(anonymous_2)
FN:21,(anonymous_3)
FN:25,(anonymous_4)
FN:30,(anonymous_5)
FN:35,(anonymous_6)
FN:50,(anonymous_7)
FN:54,(anonymous_8)
FN:59,(anonymous_9)
FN:64,(anonymous_10)
FNF:11
FNH:11
FNDA:5,(anonymous_0)
FNDA:21,(anonymous_1)
FNDA:8,(anonymous_2)
FNDA:10,(anonymous_3)
FNDA:10,(anonymous_4)
FNDA:6,(anonymous_5)
FNDA:4,(anonymous_6)
FNDA:1,(anonymous_7)
FNDA:1,(anonymous_8)
FNDA:2,(anonymous_9)
FNDA:25,(anonymous_10)
DA:2,2
DA:4,2
DA:7,2
DA:11,5
DA:14,21
DA:19,8
DA:22,10
DA:23,10
DA:28,10
DA:31,6
DA:32,6
DA:36,4
DA:37,2
DA:39,2
DA:40,2
DA:41,1
DA:43,1
DA:44,1
DA:45,1
DA:51,1
DA:55,1
DA:60,2
DA:65,25
DA:66,25
LF:24
LH:24
BRDA:36,0,0,2
BRDA:40,1,0,1
BRDA:44,2,0,1
BRDA:44,2,1,0
BRDA:45,3,0,1
BRDA:45,3,1,0
BRDA:55,4,0,1
BRDA:55,4,1,0
BRDA:60,5,0,2
BRDA:60,5,1,1
BRF:10
BRH:7
end_of_record
TN:
SF:src\lib\alpha-refresh-data.ts
FN:7,(anonymous_0)
FN:12,(anonymous_1)
FN:21,(anonymous_2)
FN:25,(anonymous_3)
FNF:4
FNH:4
FNDA:23,(anonymous_0)
FNDA:18,(anonymous_1)
FNDA:6,(anonymous_2)
FNDA:12,(anonymous_3)
DA:1,2
DA:3,2
DA:9,23
DA:13,18
DA:15,18
DA:16,8
DA:18,10
DA:22,6
DA:26,12
LF:9
LH:9
BRDA:15,0,0,8
BRF:1
BRH:1
end_of_record
TN:
SF:src\lib\alpha-session-data.ts
FN:15,(anonymous_0)
FN:20,(anonymous_1)
FN:32,(anonymous_2)
FN:44,(anonymous_3)
FN:65,(anonymous_4)
FN:72,(anonymous_5)
FNF:6
FNH:6
FNDA:7,(anonymous_0)
FNDA:20,(anonymous_1)
FNDA:7,(anonymous_2)
FNDA:20,(anonymous_3)
FNDA:6,(anonymous_4)
FNDA:10,(anonymous_5)
DA:1,2
DA:3,2
DA:4,2
DA:5,2
DA:6,2
DA:16,7
DA:17,7
DA:25,20
DA:26,20
DA:27,20
DA:28,20
DA:36,7
DA:37,7
DA:38,7
DA:45,20
DA:47,20
DA:49,8
DA:51,8
DA:54,8
DA:56,8
DA:58,8
DA:60,8
DA:62,8
DA:66,6
DA:67,6
DA:68,6
DA:69,6
DA:73,10
DA:75,10
DA:77,10
DA:79,10
LF:31
LH:31
BRDA:47,0,0,12
BRDA:51,1,0,8
BRDA:51,1,1,0
BRDA:54,2,0,8
BRDA:54,2,1,0
BRDA:58,3,0,8
BRDA:58,3,1,0
BRF:7
BRH:4
end_of_record
TN:
SF:src\lib\alpha-user.ts
FN:11,(anonymous_0)
FN:28,(anonymous_1)
FN:32,(anonymous_2)
FN:51,(anonymous_3)
FNF:4
FNH:4
FNDA:8,(anonymous_0)
FNDA:8,(anonymous_1)
FNDA:8,(anonymous_2)
FNDA:7,(anonymous_3)
DA:10,3
DA:12,8
DA:13,8
DA:29,8
DA:34,8
DA:35,7
DA:53,7
DA:54,7
DA:55,7
DA:56,7
LF:10
LH:10
BRF:0
BRH:0
end_of_record
