TN:
SF:src\lib\alpha-translation-cache.ts
FN:211,(anonymous_0)
FN:215,(anonymous_1)
FN:222,(anonymous_2)
FN:230,(anonymous_3)
FN:234,(anonymous_4)
FN:241,(anonymous_5)
FN:259,(anonymous_6)
FN:266,(anonymous_7)
FN:281,(anonymous_8)
FNF:9
FNH:9
FNDA:4,(anonymous_0)
FNDA:19,(anonymous_1)
FNDA:13,(anonymous_2)
FNDA:15,(anonymous_3)
FNDA:495,(anonymous_4)
FNDA:1485,(anonymous_5)
FNDA:2,(anonymous_6)
FNDA:5,(anonymous_7)
FNDA:2,(anonymous_8)
DA:5,3
DA:6,3
DA:8,3
DA:212,4
DA:218,19
DA:219,19
DA:225,13
DA:227,13
DA:231,15
DA:232,14
DA:233,14
DA:235,495
DA:236,495
DA:237,495
DA:239,495
DA:240,495
DA:242,1485
DA:246,1485
DA:249,495
DA:253,495
DA:256,14
DA:260,2
DA:262,2
DA:263,1
DA:267,5
DA:268,5
DA:269,2
DA:270,2
DA:271,2
DA:272,2
DA:274,3
DA:282,2
DA:283,2
LF:33
LH:33
BRDA:268,0,0,2
BRDA:268,0,1,3
BRF:2
BRH:2
end_of_record
TN:
SF:src\lib\alpha-ts-api.service.ts
FN:17,(anonymous_0)
FN:21,(anonymous_1)
FN:25,(anonymous_2)
FN:29,(anonymous_3)
FN:34,(anonymous_4)
FN:39,(anonymous_5)
FN:49,(anonymous_6)
FN:60,(anonymous_7)
FN:62,(anonymous_8)
FNF:9
FNH:9
FNDA:15,(anonymous_0)
FNDA:4,(anonymous_1)
FNDA:3,(anonymous_2)
FNDA:7,(anonymous_3)
FNDA:4,(anonymous_4)
FNDA:1,(anonymous_5)
FNDA:2,(anonymous_6)
FNDA:2,(anonymous_7)
FNDA:2,(anonymous_8)
DA:1,2
DA:2,2
DA:4,2
DA:5,2
DA:6,2
DA:11,2
DA:13,15
DA:15,15
DA:18,15
DA:19,15
DA:22,4
DA:27,3
DA:31,7
DA:36,4
DA:37,4
DA:38,1
DA:40,1
DA:41,1
DA:45,3
DA:47,3
DA:54,2
DA:55,1
DA:57,1
DA:58,1
DA:61,2
DA:62,2
LF:26
LH:26
BRDA:37,0,0,1
BRDA:54,1,0,1
BRF:2
BRH:2
end_of_record
TN:
SF:src\lib\alpha-ts.service.ts
FN:20,(anonymous_0)
FN:27,(anonymous_1)
FN:38,(anonymous_2)
FN:49,(anonymous_3)
FN:52,(anonymous_4)
FN:68,(anonymous_5)
FN:76,(anonymous_6)
FN:91,(anonymous_7)
FN:94,(anonymous_8)
FN:102,(anonymous_9)
FNF:10
FNH:10
FNDA:8,(anonymous_0)
FNDA:1,(anonymous_1)
FNDA:5,(anonymous_2)
FNDA:3,(anonymous_3)
FNDA:3,(anonymous_4)
FNDA:1,(anonymous_5)
FNDA:1,(anonymous_6)
FNDA:5,(anonymous_7)
FNDA:42,(anonymous_8)
FNDA:9,(anonymous_9)
DA:1,1
DA:3,1
DA:4,1
DA:5,1
DA:6,1
DA:7,1
DA:14,1
DA:16,8
DA:18,8
DA:21,8
DA:22,8
DA:24,8
DA:27,8
DA:28,1
DA:39,5
DA:51,3
DA:54,3
DA:55,3
DA:57,3
DA:58,1
DA:60,1
DA:61,1
DA:64,2
DA:69,1
DA:70,1
DA:71,1
DA:73,1
DA:74,1
DA:77,1
DA:79,1
DA:92,5
DA:94,42
DA:96,5
DA:99,4
DA:101,4
DA:102,9
DA:103,4
DA:104,3
DA:108,1
DA:110,1
DA:111,1
DA:113,1
LF:42
LH:42
BRDA:57,0,0,1
BRDA:69,1,0,1
BRDA:96,2,0,4
BRDA:103,3,0,3
BRF:4
BRH:4
end_of_record
