TN:
SF:src\lib\alpha-translation-cache.ts
FN:211,(anonymous_0)
FN:215,(anonymous_1)
FN:222,(anonymous_2)
FN:230,(anonymous_3)
FN:234,(anonymous_4)
FN:241,(anonymous_5)
FN:259,(anonymous_6)
FN:266,(anonymous_7)
FN:281,(anonymous_8)
FNF:9
FNH:9
FNDA:5,(anonymous_0)
FNDA:20,(anonymous_1)
FNDA:13,(anonymous_2)
FNDA:16,(anonymous_3)
FNDA:533,(anonymous_4)
FNDA:1561,(anonymous_5)
FNDA:3,(anonymous_6)
FNDA:5,(anonymous_7)
FNDA:2,(anonymous_8)
DA:5,3
DA:6,3
DA:8,3
DA:212,5
DA:218,20
DA:219,20
DA:225,13
DA:227,13
DA:231,16
DA:232,15
DA:233,15
DA:235,533
DA:236,533
DA:237,533
DA:239,533
DA:240,533
DA:242,1561
DA:246,1561
DA:249,533
DA:253,533
DA:256,15
DA:260,3
DA:262,3
DA:263,2
DA:267,5
DA:268,5
DA:269,2
DA:270,2
DA:271,2
DA:272,2
DA:274,3
DA:282,2
DA:283,2
LF:33
LH:33
BRDA:268,0,0,2
BRDA:268,0,1,3
BRF:2
BRH:2
end_of_record
TN:
SF:src\lib\alpha-ts-api.service.ts
FN:17,(anonymous_0)
FN:21,(anonymous_1)
FN:28,(anonymous_2)
FN:33,(anonymous_3)
FN:38,(anonymous_4)
FN:43,(anonymous_5)
FN:53,(anonymous_6)
FN:65,(anonymous_7)
FN:69,(anonymous_8)
FNF:9
FNH:9
FNDA:15,(anonymous_0)
FNDA:8,(anonymous_1)
FNDA:3,(anonymous_2)
FNDA:7,(anonymous_3)
FNDA:5,(anonymous_4)
FNDA:1,(anonymous_5)
FNDA:3,(anonymous_6)
FNDA:2,(anonymous_7)
FNDA:2,(anonymous_8)
DA:1,2
DA:2,2
DA:4,2
DA:5,2
DA:10,2
DA:12,15
DA:14,15
DA:18,15
DA:24,8
DA:25,8
DA:30,3
DA:35,7
DA:40,5
DA:41,5
DA:42,1
DA:44,1
DA:45,1
DA:49,4
DA:51,4
DA:59,3
DA:60,1
DA:62,2
DA:63,2
DA:66,2
DA:67,1
DA:69,2
LF:26
LH:26
BRDA:41,0,0,1
BRDA:59,1,0,1
BRDA:66,2,0,1
BRF:3
BRH:3
end_of_record
TN:
SF:src\lib\alpha-ts.service.ts
FN:19,(anonymous_0)
FN:30,(anonymous_1)
FN:34,(anonymous_2)
FN:47,(anonymous_3)
FN:56,(anonymous_4)
FN:72,(anonymous_5)
FN:80,(anonymous_6)
FN:98,(anonymous_7)
FN:101,(anonymous_8)
FN:109,(anonymous_9)
FNF:10
FNH:10
FNDA:8,(anonymous_0)
FNDA:4,(anonymous_1)
FNDA:1,(anonymous_2)
FNDA:4,(anonymous_3)
FNDA:3,(anonymous_4)
FNDA:1,(anonymous_5)
FNDA:1,(anonymous_6)
FNDA:4,(anonymous_7)
FNDA:78,(anonymous_8)
FNDA:5,(anonymous_9)
DA:1,1
DA:3,1
DA:4,1
DA:5,1
DA:12,1
DA:14,8
DA:16,8
DA:20,8
DA:21,8
DA:31,4
DA:36,1
DA:51,4
DA:53,4
DA:55,4
DA:58,3
DA:59,3
DA:61,3
DA:62,1
DA:64,1
DA:65,1
DA:68,2
DA:73,1
DA:74,1
DA:75,1
DA:77,1
DA:78,1
DA:81,1
DA:82,1
DA:85,1
DA:99,4
DA:101,78
DA:103,4
DA:106,2
DA:108,2
DA:109,5
DA:110,2
DA:111,1
DA:115,1
DA:117,2
DA:118,2
DA:119,1
DA:122,2
LF:42
LH:42
BRDA:61,0,0,1
BRDA:73,1,0,1
BRDA:81,2,0,1
BRDA:103,3,0,2
BRDA:106,4,0,2
BRDA:106,4,1,2
BRDA:110,5,0,1
BRDA:118,6,0,1
BRF:8
BRH:8
end_of_record
